<?xml version="1.0" encoding="UTF-8"?>
<testsuite xmlns:xsi="http://www.w3.org/2001/XMLSchema-instance" xsi:noNamespaceSchemaLocation="https://maven.apache.org/surefire/maven-surefire-plugin/xsd/surefire-test-report.xsd" name="za.ac.cput.AppTest" time="0.11" tests="2" errors="0" skipped="0" failures="1">
  <properties>
[...]
</properties>
  <testcase name="testGetHello" classname="za.ac.cput.AppTest" time="0.02">
    <failure type="java.lang.AssertionError">java.lang.AssertionError
	at za.ac.cput.AppTest.testGetHello(AppTest.java:25)
</failure>
  </testcase>
  <testcase name="shouldAnswerWithTrue" classname="za.ac.cput.AppTest" time="0"/>
</testsuite>