-------------------------------------------------------------------------------
Test set: za.ac.cput.AppTest
-------------------------------------------------------------------------------
Tests run: 2, Failures: 1, Errors: 0, Skipped: 0, Time elapsed: 0.11 s <<< FAILURE! - in za.ac.cput.AppTest
testGetHello(za.ac.cput.AppTest)  Time elapsed: 0.02 s  <<< FAILURE!
java.lang.AssertionError
	at za.ac.cput.AppTest.testGetHello(AppTest.java:25)

